BLCA BIRC6
BLCA ERBB2
BLCA ERBB3
BLCA FGFR3
BLCA PIK3CA
BLCA TP53
BRCA AKT1
BRCA PIK3CA
BRCA TP53
CESC PIK3CA
CH KRAS
CH TP53
COREAD FAT4
COREAD FBXW7
COREAD KRAS
COREAD PIK3CA
COREAD TP53
DLBCL PIM1
ESCA FAT4
ESCA LRP1B
ESCA PIK3CA
ESCA TP53
GBM EGFR
GBM PTEN
GBM TP53
HC CTNNB1
HC LRP1B
HC TP53
HNSC FAM135B
HNSC LRP1B
HNSC NOTCH1
HNSC PIK3CA
HNSC TP53
LGG CIC
LGG IDH1
LGG TP53
LUAD CDH10
LUAD FAT4
LUAD KEAP1
LUAD KRAS
LUAD LRP1B
LUAD TP53
LUSC CDH10
LUSC FAM135B
LUSC LRP1B
LUSC NFE2L2
LUSC PIK3CA
LUSC TP53
OV TP53
PAAD KRAS
PAAD SMAD4
PAAD TP53
PRAD SPOP
PRAD TP53
RCCC VHL
ST1 ERBB3
ST1 FAT1
ST1 FAT4
ST1 LRP1B
ST1 PIK3CA
ST CDH1
ST FAT4
ST LRP1B
ST PIK3CA
ST RHOA
ST TP53
THCA1 BRAF
THCA1 NRAS
UCEC1 CTNNB1
UCEC1 PIK3CA
UCEC1 PTEN
UCEC1 TP53
UCEC PIK3CA
UCEC PTEN
